<?xml version="1.0" encoding="UTF-8"?>
<testsuite name="exercises.ExercisesTest" tests="8" skipped="0" failures="0" errors="0" timestamp="2025-02-11T15:58:31" hostname="NTE-PF2RJ8BH" time="0.012">
  <properties/>
  <testcase name="testExtractQueryParameters" classname="exercises.ExercisesTest" time="0.002"/>
  <testcase name="testGetMinorYears" classname="exercises.ExercisesTest" time="0.004"/>
  <testcase name="testFormatURL" classname="exercises.ExercisesTest" time="0.003"/>
  <testcase name="testFlooredRoot" classname="exercises.ExercisesTest" time="0.0"/>
  <testcase name="testDescribeNumber" classname="exercises.ExercisesTest" time="0.0"/>
  <testcase name="testIsIncreasingSequence" classname="exercises.ExercisesTest" time="0.0"/>
  <testcase name="testCalculateLittleFormula" classname="exercises.ExercisesTest" time="0.0"/>
  <testcase name="testMayAccess" classname="exercises.ExercisesTest" time="0.0"/>
  <system-out><![CDATA[]]></system-out>
  <system-err><![CDATA[]]></system-err>
</testsuite>
